◇ injected env (1) from .env.local // tip: ⌘ override existing { override: true }
9/9 profiles need qualitative backfill
[start] Clayton Tucker
[start] D. Nathan Sheets
[start] Dan Goeb Patrick
[done]  Clayton Tucker: integrity=0.90 public_interest=0.40 transparency=0.60 experience=0.20
[start] Gregory Wayne Abbott
[done]  Dan Goeb Patrick: integrity=0.75 public_interest=0.50 transparency=0.60 experience=0.85
[start] James Dell Talarico
[done]  Gregory Wayne Abbott: integrity=0.85 public_interest=0.55 transparency=0.50 experience=0.95
[start] Pat Dixon
[done]  Pat Dixon: integrity=0.70 public_interest=0.50 transparency=0.60 experience=0.50
[start] Regina Inez Hinojosa
[done]  D. Nathan Sheets: integrity=0.90 public_interest=0.60 transparency=0.70 experience=0.85
[start] Vikki Ann Goodwin
[done]  Vikki Ann Goodwin: integrity=0.95 public_interest=0.75 transparency=0.85 experience=0.80
[start] Warren Kenneth Paxton Jr.
[done]  James Dell Talarico: integrity=0.85 public_interest=0.70 transparency=0.75 experience=0.80
[done]  Regina Inez Hinojosa: integrity=1.00 public_interest=0.65 transparency=0.75 experience=0.80
[done]  Warren Kenneth Paxton Jr.: integrity=0.10 transparency=0.20 experience=0.70
Backfill complete.
