◇ injected env (1) from .env.local // tip: ⌁ auth for agents [www.vestauth.com]
9/9 profiles need finance backfill
[start] Clayton Tucker
[start] Dan Patrick
[start] Gina Hinojosa
[done]  Dan Patrick: 8 donors, 6 correlations
[start] Greg Abbott
[done]  Gina Hinojosa: 8 donors, 6 correlations
[start] James Talarico
[done]  Clayton Tucker: 8 donors, 6 correlations
[start] Ken Paxton
[done]  Greg Abbott: 8 donors, 6 correlations
[start] Nathan Sheets
[done]  James Talarico: 8 donors, 6 correlations
[start] Pat Dixon
[done]  Nathan Sheets: 8 donors, 6 correlations
[start] Vikki Goodwin
[done]  Ken Paxton: 8 donors, 6 correlations
[done]  Pat Dixon: 0 donors, 0 correlations
[done]  Vikki Goodwin: 8 donors, 6 correlations
Finance backfill complete.
